<?xml version="1.0" encoding="UTF-8"?>
<testng-results ignored="0" total="8" passed="6" failed="2" skipped="0">
  <reporter-output>
  </reporter-output>
  <suite started-at="2025-02-19T21:34:01 IST" name="Suite" finished-at="2025-02-19T21:34:59 IST" duration-ms="57051">
    <groups>
      <group name="smoke">
        <method signature="T0003_SelectandDeselectItems.deSelect()[pri:0, instance:com.automation.testcases.T0003_SelectandDeselectItems@2cb4893b]" name="deSelect" class="com.automation.testcases.T0003_SelectandDeselectItems"/>
      </group> <!-- smoke -->
      <group name="sanity">
        <method signature="T0001_LogintoApplication.loginApp()[pri:0, instance:com.automation.testcases.T0001_LogintoApplication@5e2c3d18]" name="loginApp" class="com.automation.testcases.T0001_LogintoApplication"/>
      </group> <!-- sanity -->
      <group name="master">
        <method signature="T0001_LogintoApplication.loginApp()[pri:0, instance:com.automation.testcases.T0001_LogintoApplication@5e2c3d18]" name="loginApp" class="com.automation.testcases.T0001_LogintoApplication"/>
        <method signature="T0002_MultiSelection.loginApp()[pri:0, instance:com.automation.testcases.T0002_MultiSelection@cc43f62]" name="loginApp" class="com.automation.testcases.T0002_MultiSelection"/>
        <method signature="T0003_SelectandDeselectItems.deSelect()[pri:0, instance:com.automation.testcases.T0003_SelectandDeselectItems@2cb4893b]" name="deSelect" class="com.automation.testcases.T0003_SelectandDeselectItems"/>
        <method signature="T0004_MultiLogin.multiLogin(java.lang.String,java.lang.String)[pri:0, instance:com.automation.testcases.T0004_MultiLogin@18271936]" name="multiLogin" class="com.automation.testcases.T0004_MultiLogin"/>
      </group> <!-- master -->
    </groups>
    <test started-at="2025-02-19T21:34:01 IST" name="Test" finished-at="2025-02-19T21:34:59 IST" duration-ms="57051">
      <class name="com.automation.testcases.T0001_LogintoApplication">
        <test-method is-config="true" signature="setup(java.lang.String)[pri:0, instance:com.automation.testcases.T0001_LogintoApplication@5e2c3d18]" started-at="2025-02-19T21:34:36 IST" name="setup" finished-at="2025-02-19T21:34:40 IST" duration-ms="4286" status="PASS">
          <params>
            <param index="0">
              <value>
                <![CDATA[Chrome]]>
              </value>
            </param>
          </params>
          <reporter-output>
          </reporter-output>
        </test-method> <!-- setup -->
        <test-method signature="loginApp()[pri:0, instance:com.automation.testcases.T0001_LogintoApplication@5e2c3d18]" started-at="2025-02-19T21:34:40 IST" name="loginApp" finished-at="2025-02-19T21:34:44 IST" duration-ms="3479" status="PASS">
          <reporter-output>
          </reporter-output>
        </test-method> <!-- loginApp -->
        <test-method is-config="true" signature="tearDown()[pri:0, instance:com.automation.testcases.T0001_LogintoApplication@5e2c3d18]" started-at="2025-02-19T21:34:44 IST" name="tearDown" finished-at="2025-02-19T21:34:46 IST" duration-ms="1562" status="PASS">
          <reporter-output>
          </reporter-output>
        </test-method> <!-- tearDown -->
      </class> <!-- com.automation.testcases.T0001_LogintoApplication -->
      <class name="com.automation.testcases.T0003_SelectandDeselectItems">
        <test-method is-config="true" signature="setup(java.lang.String)[pri:0, instance:com.automation.testcases.T0003_SelectandDeselectItems@2cb4893b]" started-at="2025-02-19T21:34:46 IST" name="setup" finished-at="2025-02-19T21:34:49 IST" duration-ms="3617" status="PASS">
          <params>
            <param index="0">
              <value>
                <![CDATA[Chrome]]>
              </value>
            </param>
          </params>
          <reporter-output>
          </reporter-output>
        </test-method> <!-- setup -->
        <test-method signature="deSelect()[pri:0, instance:com.automation.testcases.T0003_SelectandDeselectItems@2cb4893b]" started-at="2025-02-19T21:34:49 IST" name="deSelect" finished-at="2025-02-19T21:34:50 IST" duration-ms="1133" status="FAIL">
          <exception class="java.lang.AssertionError">
            <full-stacktrace>
              <![CDATA[java.lang.AssertionError: 
at org.testng.AssertJUnit.fail(AssertJUnit.java:65)
at org.testng.AssertJUnit.fail(AssertJUnit.java:70)
at com.automation.testcases.T0003_SelectandDeselectItems.deSelect(T0003_SelectandDeselectItems.java:57)
at java.base/jdk.internal.reflect.NativeMethodAccessorImpl.invoke0(Native Method)
at java.base/jdk.internal.reflect.NativeMethodAccessorImpl.invoke(NativeMethodAccessorImpl.java:77)
at java.base/jdk.internal.reflect.DelegatingMethodAccessorImpl.invoke(DelegatingMethodAccessorImpl.java:43)
at java.base/java.lang.reflect.Method.invoke(Method.java:568)
at org.testng.internal.invokers.MethodInvocationHelper.invokeMethod(MethodInvocationHelper.java:141)
at org.testng.internal.invokers.TestInvoker.invokeMethod(TestInvoker.java:686)
at org.testng.internal.invokers.TestInvoker.invokeTestMethod(TestInvoker.java:230)
at org.testng.internal.invokers.MethodRunner.runInSequence(MethodRunner.java:63)
at org.testng.internal.invokers.TestInvoker$MethodInvocationAgent.invoke(TestInvoker.java:992)
at org.testng.internal.invokers.TestInvoker.invokeTestMethods(TestInvoker.java:203)
at org.testng.internal.invokers.TestMethodWorker.invokeTestMethods(TestMethodWorker.java:154)
at org.testng.internal.invokers.TestMethodWorker.run(TestMethodWorker.java:134)
at java.base/java.util.ArrayList.forEach(ArrayList.java:1511)
at org.testng.TestRunner.privateRun(TestRunner.java:739)
at org.testng.TestRunner.run(TestRunner.java:614)
at org.testng.SuiteRunner.runTest(SuiteRunner.java:421)
at org.testng.SuiteRunner.runSequentially(SuiteRunner.java:413)
at org.testng.SuiteRunner.privateRun(SuiteRunner.java:373)
at org.testng.SuiteRunner.run(SuiteRunner.java:312)
at org.testng.SuiteRunnerWorker.runSuite(SuiteRunnerWorker.java:52)
at org.testng.SuiteRunnerWorker.run(SuiteRunnerWorker.java:95)
at org.testng.TestNG.runSuitesSequentially(TestNG.java:1274)
at org.testng.TestNG.runSuitesLocally(TestNG.java:1208)
at org.testng.TestNG.runSuites(TestNG.java:1112)
at org.testng.TestNG.run(TestNG.java:1079)
at org.testng.remote.AbstractRemoteTestNG.run(AbstractRemoteTestNG.java:115)
at org.testng.remote.RemoteTestNG.initAndRun(RemoteTestNG.java:293)
at org.testng.remote.RemoteTestNG.main(RemoteTestNG.java:91)
]]>
            </full-stacktrace>
          </exception> <!-- java.lang.AssertionError -->
          <reporter-output>
          </reporter-output>
        </test-method> <!-- deSelect -->
        <test-method is-config="true" signature="tearDown()[pri:0, instance:com.automation.testcases.T0003_SelectandDeselectItems@2cb4893b]" started-at="2025-02-19T21:34:51 IST" name="tearDown" finished-at="2025-02-19T21:34:52 IST" duration-ms="1533" status="PASS">
          <reporter-output>
          </reporter-output>
        </test-method> <!-- tearDown -->
      </class> <!-- com.automation.testcases.T0003_SelectandDeselectItems -->
      <class name="com.automation.testcases.T0002_MultiSelection">
        <test-method is-config="true" signature="setup(java.lang.String)[pri:0, instance:com.automation.testcases.T0002_MultiSelection@cc43f62]" started-at="2025-02-19T21:34:52 IST" name="setup" finished-at="2025-02-19T21:34:56 IST" duration-ms="3369" status="PASS">
          <params>
            <param index="0">
              <value>
                <![CDATA[Chrome]]>
              </value>
            </param>
          </params>
          <reporter-output>
          </reporter-output>
        </test-method> <!-- setup -->
        <test-method signature="loginApp()[pri:0, instance:com.automation.testcases.T0002_MultiSelection@cc43f62]" started-at="2025-02-19T21:34:56 IST" name="loginApp" finished-at="2025-02-19T21:34:57 IST" duration-ms="1328" status="FAIL">
          <exception class="java.lang.AssertionError">
            <full-stacktrace>
              <![CDATA[java.lang.AssertionError: 
at org.testng.AssertJUnit.fail(AssertJUnit.java:65)
at org.testng.AssertJUnit.fail(AssertJUnit.java:70)
at com.automation.testcases.T0002_MultiSelection.loginApp(T0002_MultiSelection.java:54)
at java.base/jdk.internal.reflect.NativeMethodAccessorImpl.invoke0(Native Method)
at java.base/jdk.internal.reflect.NativeMethodAccessorImpl.invoke(NativeMethodAccessorImpl.java:77)
at java.base/jdk.internal.reflect.DelegatingMethodAccessorImpl.invoke(DelegatingMethodAccessorImpl.java:43)
at java.base/java.lang.reflect.Method.invoke(Method.java:568)
at org.testng.internal.invokers.MethodInvocationHelper.invokeMethod(MethodInvocationHelper.java:141)
at org.testng.internal.invokers.TestInvoker.invokeMethod(TestInvoker.java:686)
at org.testng.internal.invokers.TestInvoker.invokeTestMethod(TestInvoker.java:230)
at org.testng.internal.invokers.MethodRunner.runInSequence(MethodRunner.java:63)
at org.testng.internal.invokers.TestInvoker$MethodInvocationAgent.invoke(TestInvoker.java:992)
at org.testng.internal.invokers.TestInvoker.invokeTestMethods(TestInvoker.java:203)
at org.testng.internal.invokers.TestMethodWorker.invokeTestMethods(TestMethodWorker.java:154)
at org.testng.internal.invokers.TestMethodWorker.run(TestMethodWorker.java:134)
at java.base/java.util.ArrayList.forEach(ArrayList.java:1511)
at org.testng.TestRunner.privateRun(TestRunner.java:739)
at org.testng.TestRunner.run(TestRunner.java:614)
at org.testng.SuiteRunner.runTest(SuiteRunner.java:421)
at org.testng.SuiteRunner.runSequentially(SuiteRunner.java:413)
at org.testng.SuiteRunner.privateRun(SuiteRunner.java:373)
at org.testng.SuiteRunner.run(SuiteRunner.java:312)
at org.testng.SuiteRunnerWorker.runSuite(SuiteRunnerWorker.java:52)
at org.testng.SuiteRunnerWorker.run(SuiteRunnerWorker.java:95)
at org.testng.TestNG.runSuitesSequentially(TestNG.java:1274)
at org.testng.TestNG.runSuitesLocally(TestNG.java:1208)
at org.testng.TestNG.runSuites(TestNG.java:1112)
at org.testng.TestNG.run(TestNG.java:1079)
at org.testng.remote.AbstractRemoteTestNG.run(AbstractRemoteTestNG.java:115)
at org.testng.remote.RemoteTestNG.initAndRun(RemoteTestNG.java:293)
at org.testng.remote.RemoteTestNG.main(RemoteTestNG.java:91)
]]>
            </full-stacktrace>
          </exception> <!-- java.lang.AssertionError -->
          <reporter-output>
          </reporter-output>
        </test-method> <!-- loginApp -->
        <test-method is-config="true" signature="tearDown()[pri:0, instance:com.automation.testcases.T0002_MultiSelection@cc43f62]" started-at="2025-02-19T21:34:57 IST" name="tearDown" finished-at="2025-02-19T21:34:59 IST" duration-ms="1510" status="PASS">
          <reporter-output>
          </reporter-output>
        </test-method> <!-- tearDown -->
      </class> <!-- com.automation.testcases.T0002_MultiSelection -->
      <class name="com.automation.testcases.T0004_MultiLogin">
        <test-method is-config="true" signature="setup(java.lang.String)[pri:0, instance:com.automation.testcases.T0004_MultiLogin@18271936]" started-at="2025-02-19T21:34:05 IST" name="setup" finished-at="2025-02-19T21:34:16 IST" duration-ms="11754" status="PASS">
          <params>
            <param index="0">
              <value>
                <![CDATA[Chrome]]>
              </value>
            </param>
          </params>
          <reporter-output>
          </reporter-output>
        </test-method> <!-- setup -->
        <test-method signature="multiLogin(java.lang.String,java.lang.String)[pri:0, instance:com.automation.testcases.T0004_MultiLogin@18271936]" started-at="2025-02-19T21:34:21 IST" name="multiLogin" data-provider="logindata" finished-at="2025-02-19T21:34:23 IST" duration-ms="1993" status="PASS">
          <params>
            <param index="0">
              <value>
                <![CDATA[standard_user]]>
              </value>
            </param>
            <param index="1">
              <value>
                <![CDATA[secret_sauce]]>
              </value>
            </param>
          </params>
          <reporter-output>
          </reporter-output>
        </test-method> <!-- multiLogin -->
        <test-method signature="multiLogin(java.lang.String,java.lang.String)[pri:0, instance:com.automation.testcases.T0004_MultiLogin@18271936]" started-at="2025-02-19T21:34:23 IST" name="multiLogin" data-provider="logindata" finished-at="2025-02-19T21:34:24 IST" duration-ms="1135" status="PASS">
          <params>
            <param index="0">
              <value>
                <![CDATA[problem_user]]>
              </value>
            </param>
            <param index="1">
              <value>
                <![CDATA[secret_sauce]]>
              </value>
            </param>
          </params>
          <reporter-output>
          </reporter-output>
        </test-method> <!-- multiLogin -->
        <test-method signature="multiLogin(java.lang.String,java.lang.String)[pri:0, instance:com.automation.testcases.T0004_MultiLogin@18271936]" started-at="2025-02-19T21:34:24 IST" name="multiLogin" data-provider="logindata" finished-at="2025-02-19T21:34:31 IST" duration-ms="6221" status="PASS">
          <params>
            <param index="0">
              <value>
                <![CDATA[performance_glitch_user]]>
              </value>
            </param>
            <param index="1">
              <value>
                <![CDATA[secret_sauce]]>
              </value>
            </param>
          </params>
          <reporter-output>
          </reporter-output>
        </test-method> <!-- multiLogin -->
        <test-method signature="multiLogin(java.lang.String,java.lang.String)[pri:0, instance:com.automation.testcases.T0004_MultiLogin@18271936]" started-at="2025-02-19T21:34:31 IST" name="multiLogin" data-provider="logindata" finished-at="2025-02-19T21:34:32 IST" duration-ms="1439" status="PASS">
          <params>
            <param index="0">
              <value>
                <![CDATA[error_user]]>
              </value>
            </param>
            <param index="1">
              <value>
                <![CDATA[secret_sauce]]>
              </value>
            </param>
          </params>
          <reporter-output>
          </reporter-output>
        </test-method> <!-- multiLogin -->
        <test-method signature="multiLogin(java.lang.String,java.lang.String)[pri:0, instance:com.automation.testcases.T0004_MultiLogin@18271936]" started-at="2025-02-19T21:34:33 IST" name="multiLogin" data-provider="logindata" finished-at="2025-02-19T21:34:34 IST" duration-ms="1367" status="PASS">
          <params>
            <param index="0">
              <value>
                <![CDATA[visual_user]]>
              </value>
            </param>
            <param index="1">
              <value>
                <![CDATA[secret_sauce]]>
              </value>
            </param>
          </params>
          <reporter-output>
          </reporter-output>
        </test-method> <!-- multiLogin -->
        <test-method is-config="true" signature="tearDown()[pri:0, instance:com.automation.testcases.T0004_MultiLogin@18271936]" started-at="2025-02-19T21:34:34 IST" name="tearDown" finished-at="2025-02-19T21:34:36 IST" duration-ms="1855" status="PASS">
          <reporter-output>
          </reporter-output>
        </test-method> <!-- tearDown -->
      </class> <!-- com.automation.testcases.T0004_MultiLogin -->
    </test> <!-- Test -->
  </suite> <!-- Suite -->
</testng-results>
